2019-02-18 01:59:30 +0000  Initial pipeline context: <IDEDistributionProcessingPipelineContext: 0x7fbbb02379b0; archive(resolved)='<IDEArchive: 0x7fbbb158ce70>', distributionTask(resolved)='2', distributionDestination(resolved)='1', distributionMethod(resolved)='<IDEDistributionMethodiOSAppStoreDistribution: 0x7fbbabb3c880>', team(resolved)='<IDEProvisioningDisambiguatableBasicTeam: 0x7fbbc3942df0; teamID='8UA5Z3S999', teamName='Chongqing Wanda Inclusive Financial Co., Ltd.', teamType='Company', username='wdkyhua@163.com', isFreeProvisioningTeam='0'>'>
	Chain (12, self inclusive):
	<IDEDistributionProcessingPipelineContext: 0x7fbbb02379b0; archive = '<IDEArchive: 0x7fbbb158ce70>', distributionMethod='<IDEDistributionMethodiOSAppStoreDistribution: 0x7fbbabb3c880>', team='<IDEProvisioningDisambiguatableBasicTeam: 0x7fbbc3942df0; teamID='8UA5Z3S999', teamName='Chongqing Wanda Inclusive Financial Co., Ltd.', teamType='Company', username='wdkyhua@163.com', isFreeProvisioningTeam='0'>'>
	<IDEDistributionProcessingPipelineContext: 0x7fbbb248cc50; archive = '<IDEArchive: 0x7fbbb158ce70>', distributionMethod='<IDEDistributionMethodiOSAppStoreDistribution: 0x7fbbabb3c880>', team='<IDEProvisioningDisambiguatableBasicTeam: 0x7fbbc3942df0; teamID='8UA5Z3S999', teamName='Chongqing Wanda Inclusive Financial Co., Ltd.', teamType='Company', username='wdkyhua@163.com', isFreeProvisioningTeam='0'>'>
	<IDEDistributionContext: 0x7fbbb12a2d00; archive = '<IDEArchive: 0x7fbbb158ce70>', distributionMethod='<IDEDistributionMethodiOSAppStoreDistribution: 0x7fbbabb3c880>', team='<IDEProvisioningDisambiguatableBasicTeam: 0x7fbbc3942df0; teamID='8UA5Z3S999', teamName='Chongqing Wanda Inclusive Financial Co., Ltd.', teamType='Company', username='wdkyhua@163.com', isFreeProvisioningTeam='0'>'>
	<IDEDistributionContext: 0x7fbbad238f70; archive = '<IDEArchive: 0x7fbbb158ce70>', distributionMethod='<IDEDistributionMethodiOSAppStoreDistribution: 0x7fbbabb3c880>', team='<IDEProvisioningDisambiguatableBasicTeam: 0x7fbbc3942df0; teamID='8UA5Z3S999', teamName='Chongqing Wanda Inclusive Financial Co., Ltd.', teamType='Company', username='wdkyhua@163.com', isFreeProvisioningTeam='0'>'>
	<IDEDistributionContext: 0x7fbba92802d0; archive = '<IDEArchive: 0x7fbbb158ce70>', distributionMethod='<IDEDistributionMethodiOSAppStoreDistribution: 0x7fbbabb3c880>', team='<IDEProvisioningDisambiguatableBasicTeam: 0x7fbbc3942df0; teamID='8UA5Z3S999', teamName='Chongqing Wanda Inclusive Financial Co., Ltd.', teamType='Company', username='wdkyhua@163.com', isFreeProvisioningTeam='0'>'>
	<IDEDistributionContext: 0x7fbbaf071280; archive = '<IDEArchive: 0x7fbbb158ce70>', distributionMethod='<IDEDistributionMethodiOSAppStoreDistribution: 0x7fbbabb3c880>', team='<IDEProvisioningDisambiguatableBasicTeam: 0x7fbbc3942df0; teamID='8UA5Z3S999', teamName='Chongqing Wanda Inclusive Financial Co., Ltd.', teamType='Company', username='wdkyhua@163.com', isFreeProvisioningTeam='0'>'>
	<IDEDistributionContext: 0x7fbbb04bf1d0; archive = '<IDEArchive: 0x7fbbb158ce70>', distributionMethod='<IDEDistributionMethodiOSAppStoreDistribution: 0x7fbbabb3c880>', team='<IDEProvisioningDisambiguatableBasicTeam: 0x7fbbc3942df0; teamID='8UA5Z3S999', teamName='Chongqing Wanda Inclusive Financial Co., Ltd.', teamType='Company', username='wdkyhua@163.com', isFreeProvisioningTeam='0'>'>
	<IDEDistributionContext: 0x7fbbaeb96a00; archive = '<IDEArchive: 0x7fbbb158ce70>', distributionMethod='<IDEDistributionMethodiOSAppStoreDistribution: 0x7fbbabb3c880>', team='<IDEProvisioningDisambiguatableBasicTeam: 0x7fbbc3942df0; teamID='8UA5Z3S999', teamName='Chongqing Wanda Inclusive Financial Co., Ltd.', teamType='Company', username='wdkyhua@163.com', isFreeProvisioningTeam='0'>'>
	<IDEDistributionContext: 0x7fbbb02c27c0; archive = '<IDEArchive: 0x7fbbb158ce70>', distributionMethod='<IDEDistributionMethodiOSAppStoreDistribution: 0x7fbbabb3c880>', team='<IDEProvisioningDisambiguatableBasicTeam: 0x7fbbc3942df0; teamID='8UA5Z3S999', teamName='Chongqing Wanda Inclusive Financial Co., Ltd.', teamType='Company', username='wdkyhua@163.com', isFreeProvisioningTeam='0'>'>
	<IDEDistributionContext: 0x7fbbb25ea900; archive = '<IDEArchive: 0x7fbbb158ce70>', distributionMethod='<IDEDistributionMethodiOSAppStoreDistribution: 0x7fbbabb3c880>', team='(null)'>
	<IDEDistributionContext: 0x7fbbab972b90; archive = '<IDEArchive: 0x7fbbb158ce70>', distributionMethod='<IDEDistributionMethodiOSAppStoreDistribution: 0x7fbbabb3c880>', team='(null)'>
	<IDEDistributionContext: 0x7fbbacbd54d0; archive = '<IDEArchive: 0x7fbbb158ce70>', distributionMethod='(null)', team='(null)'>
</IDEDistributionProcessingPipelineContext: 0x7fbbb02379b0>
2019-02-18 01:59:30 +0000  Processing step: IDEDistributionCreateDestRootStep
2019-02-18 01:59:30 +0000  Processing step: IDEDistributionCopyItemStep
2019-02-18 01:59:30 +0000  Running /usr/bin/ditto '-V' '/Users/a1/Library/Developer/Xcode/Archives/2019-02-18/WDLoan 2019-2-18 上午9.58.xcarchive/Products/Applications/WDLoan.app' '/var/folders/ml/b927ny0d6n72bt_ljpcbqw3r0000gn/T/XcodeDistPipeline.Onx/Root/Payload/WDLoan.app'
2019-02-18 01:59:30 +0000  >>> Copying /Users/a1/Library/Developer/Xcode/Archives/2019-02-18/WDLoan 2019-2-18 上午9.58.xcarchive/Products/Applications/WDLoan.app 
2019-02-18 01:59:30 +0000  copying file ./_CodeSignature/CodeResources ... 
2019-02-18 01:59:30 +0000  56039 bytes for ./_CodeSignature/CodeResources
2019-02-18 01:59:30 +0000  copying file ./mapapi.bundle/images/icon_paopao_middle_right.png ... 
2019-02-18 01:59:30 +0000  3411 bytes for ./mapapi.bundle/images/icon_paopao_middle_right.png
2019-02-18 01:59:30 +0000  copying file ./mapapi.bundle/images/icon_nav_bus@2x.png ... 
2019-02-18 01:59:30 +0000  1394 bytes for ./mapapi.bundle/images/icon_nav_bus@2x.png
2019-02-18 01:59:30 +0000  copying file ./mapapi.bundle/images/icon_nav_start@2x.png ... 
2019-02-18 01:59:30 +0000  7712 bytes for ./mapapi.bundle/images/icon_nav_start@2x.png
2019-02-18 01:59:30 +0000  copying file ./mapapi.bundle/images/icon_paopao_middle_right_highlighted.png ... 
2019-02-18 01:59:30 +0000  3386 bytes for ./mapapi.bundle/images/icon_paopao_middle_right_highlighted.png
2019-02-18 01:59:30 +0000  copying file ./mapapi.bundle/images/baidumap_logo.png ... 
2019-02-18 01:59:30 +0000  4387 bytes for ./mapapi.bundle/images/baidumap_logo.png
2019-02-18 01:59:30 +0000  copying file ./mapapi.bundle/images/icon_action_paopao_middle_left_highlighted.png ... 
2019-02-18 01:59:30 +0000  3059 bytes for ./mapapi.bundle/images/icon_action_paopao_middle_left_highlighted.png
2019-02-18 01:59:30 +0000  copying file ./mapapi.bundle/images/pin_red.png ... 
2019-02-18 01:59:30 +0000  3865 bytes for ./mapapi.bundle/images/pin_red.png
2019-02-18 01:59:30 +0000  copying file ./mapapi.bundle/images/icon_nav_waypoint.png ... 
2019-02-18 01:59:30 +0000  4693 bytes for ./mapapi.bundle/images/icon_nav_waypoint.png
2019-02-18 01:59:30 +0000  copying file ./mapapi.bundle/images/icon_nav_rail@2x.png ... 
2019-02-18 01:59:30 +0000  1555 bytes for ./mapapi.bundle/images/icon_nav_rail@2x.png
2019-02-18 01:59:30 +0000  copying file ./mapapi.bundle/images/icon_nav_rail.png ... 
2019-02-18 01:59:30 +0000  1950 bytes for ./mapapi.bundle/images/icon_nav_rail.png
2019-02-18 01:59:30 +0000  copying file ./mapapi.bundle/images/icon_nav_end@2x.png ... 
2019-02-18 01:59:30 +0000  7991 bytes for ./mapapi.bundle/images/icon_nav_end@2x.png
2019-02-18 01:59:30 +0000  copying file ./mapapi.bundle/images/pin_purple@2x.png ... 
2019-02-18 01:59:30 +0000  5716 bytes for ./mapapi.bundle/images/pin_purple@2x.png
2019-02-18 01:59:30 +0000  copying file ./mapapi.bundle/images/icon_nav_end.png ... 
2019-02-18 01:59:30 +0000  4793 bytes for ./mapapi.bundle/images/icon_nav_end.png
2019-02-18 01:59:30 +0000  copying file ./mapapi.bundle/images/icon_cellphone@2x.png ... 
2019-02-18 01:59:30 +0000  4674 bytes for ./mapapi.bundle/images/icon_cellphone@2x.png
2019-02-18 01:59:30 +0000  copying file ./mapapi.bundle/images/icon_action_paopao_middle_right_highlighted.png ... 
2019-02-18 01:59:30 +0000  3045 bytes for ./mapapi.bundle/images/icon_action_paopao_middle_right_highlighted.png
2019-02-18 01:59:30 +0000  copying file ./mapapi.bundle/images/icon_paopao_middle_left@2x.png ... 
2019-02-18 01:59:30 +0000  4308 bytes for ./mapapi.bundle/images/icon_paopao_middle_left@2x.png
2019-02-18 01:59:30 +0000  copying file ./mapapi.bundle/images/icon_action_paopao_middle_left_highlighted@2x.png ... 
2019-02-18 01:59:30 +0000  3421 bytes for ./mapapi.bundle/images/icon_action_paopao_middle_left_highlighted@2x.png
2019-02-18 01:59:30 +0000  copying file ./mapapi.bundle/images/icon_paopao_middle_left_highlighted.png ... 
2019-02-18 01:59:30 +0000  3452 bytes for ./mapapi.bundle/images/icon_paopao_middle_left_highlighted.png
2019-02-18 01:59:30 +0000  copying file ./mapapi.bundle/images/icon_action_paopao_middle_right.png ... 
2019-02-18 01:59:30 +0000  3049 bytes for ./mapapi.bundle/images/icon_action_paopao_middle_right.png
2019-02-18 01:59:30 +0000  copying file ./mapapi.bundle/images/icon_line_nofocus.png ... 
2019-02-18 01:59:30 +0000  112 bytes for ./mapapi.bundle/images/icon_line_nofocus.png
2019-02-18 01:59:30 +0000  copying file ./mapapi.bundle/images/direction_wheel@2x.png ... 
2019-02-18 01:59:30 +0000  9255 bytes for ./mapapi.bundle/images/direction_wheel@2x.png
2019-02-18 01:59:30 +0000  copying file ./mapapi.bundle/images/pin_purple.png ... 
2019-02-18 01:59:30 +0000  3909 bytes for ./mapapi.bundle/images/pin_purple.png
2019-02-18 01:59:30 +0000  copying file ./mapapi.bundle/images/icon_center_point@2x.png ... 
2019-02-18 01:59:30 +0000  2470 bytes for ./mapapi.bundle/images/icon_center_point@2x.png
2019-02-18 01:59:30 +0000  copying file ./mapapi.bundle/images/icon_nav_start.png ... 
2019-02-18 01:59:30 +0000  4760 bytes for ./mapapi.bundle/images/icon_nav_start.png
2019-02-18 01:59:30 +0000  copying file ./mapapi.bundle/images/icon_direction.png ... 
2019-02-18 01:59:30 +0000  3334 bytes for ./mapapi.bundle/images/icon_direction.png
2019-02-18 01:59:30 +0000  copying file ./mapapi.bundle/images/icon_action_paopao_middle_left@2x.png ... 
2019-02-18 01:59:30 +0000  3406 bytes for ./mapapi.bundle/images/icon_action_paopao_middle_left@2x.png
2019-02-18 01:59:30 +0000  copying file ./mapapi.bundle/images/icon_paopao_middle_left.png ... 
2019-02-18 01:59:30 +0000  3397 bytes for ./mapapi.bundle/images/icon_paopao_middle_left.png
2019-02-18 01:59:30 +0000  copying file ./mapapi.bundle/images/icon_compass.png ... 
2019-02-18 01:59:30 +0000  3807 bytes for ./mapapi.bundle/images/icon_compass.png
2019-02-18 01:59:30 +0000  copying file ./mapapi.bundle/images/icon_paopao_middle_right@2x.png ... 
2019-02-18 01:59:30 +0000  4202 bytes for ./mapapi.bundle/images/icon_paopao_middle_right@2x.png
2019-02-18 01:59:30 +0000  copying file ./mapapi.bundle/images/direction_wheel.png ... 
2019-02-18 01:59:30 +0000  3839 bytes for ./mapapi.bundle/images/direction_wheel.png
2019-02-18 01:59:30 +0000  copying file ./mapapi.bundle/images/icon_paopao_middle_right_highlighted@2x.png ... 
2019-02-18 01:59:30 +0000  4185 bytes for ./mapapi.bundle/images/icon_paopao_middle_right_highlighted@2x.png
2019-02-18 01:59:30 +0000  copying file ./mapapi.bundle/images/icon_center_point.png ... 
2019-02-18 01:59:30 +0000  1168 bytes for ./mapapi.bundle/images/icon_center_point.png
2019-02-18 01:59:30 +0000  copying file ./mapapi.bundle/images/lineDashTexture.png ... 
2019-02-18 01:59:30 +0000  194 bytes for ./mapapi.bundle/images/lineDashTexture.png
2019-02-18 01:59:30 +0000  copying file ./mapapi.bundle/images/icon_paopao_middle_left_highlighted@2x.png ... 
2019-02-18 01:59:30 +0000  4291 bytes for ./mapapi.bundle/images/icon_paopao_middle_left_highlighted@2x.png
2019-02-18 01:59:30 +0000  copying file ./mapapi.bundle/images/icon_action_paopao_middle_right_highlighted@2x.png ... 
2019-02-18 01:59:30 +0000  3328 bytes for ./mapapi.bundle/images/icon_action_paopao_middle_right_highlighted@2x.png
2019-02-18 01:59:30 +0000  copying file ./mapapi.bundle/images/bnavi_icon_location_fixed.png ... 
2019-02-18 01:59:30 +0000  601 bytes for ./mapapi.bundle/images/bnavi_icon_location_fixed.png
2019-02-18 01:59:30 +0000  copying file ./mapapi.bundle/images/icon_cellphone.png ... 
2019-02-18 01:59:30 +0000  2703 bytes for ./mapapi.bundle/images/icon_cellphone.png
copying file ./mapapi.bundle/images/icon_cellphone2.png ... 
2019-02-18 01:59:30 +0000  3712 bytes for ./mapapi.bundle/images/icon_cellphone2.png
2019-02-18 01:59:30 +0000  copying file ./mapapi.bundle/images/baidumap_logo@2x.png ... 
2019-02-18 01:59:30 +0000  5920 bytes for ./mapapi.bundle/images/baidumap_logo@2x.png
2019-02-18 01:59:30 +0000  copying file ./mapapi.bundle/images/icon_compass_background@2x.png ... 
2019-02-18 01:59:30 +0000  5464 bytes for ./mapapi.bundle/images/icon_compass_background@2x.png
2019-02-18 01:59:30 +0000  copying file ./mapapi.bundle/images/icon_compass_background.png ... 
2019-02-18 01:59:30 +0000  4797 bytes for ./mapapi.bundle/images/icon_compass_background.png
2019-02-18 01:59:30 +0000  copying file ./mapapi.bundle/images/icon_cellphone2@2x.png ... 
2019-02-18 01:59:30 +0000  7717 bytes for ./mapapi.bundle/images/icon_cellphone2@2x.png
2019-02-18 01:59:30 +0000  copying file ./mapapi.bundle/images/pin_green@2x.png ... 
2019-02-18 01:59:30 +0000  5685 bytes for ./mapapi.bundle/images/pin_green@2x.png
2019-02-18 01:59:30 +0000  copying file ./mapapi.bundle/images/bnavi_icon_location_fixed@2x.png ... 
2019-02-18 01:59:30 +0000  1458 bytes for ./mapapi.bundle/images/bnavi_icon_location_fixed@2x.png
2019-02-18 01:59:30 +0000  copying file ./mapapi.bundle/images/icon_nav_waypoint@2x.png ... 
2019-02-18 01:59:30 +0000  5068 bytes for ./mapapi.bundle/images/icon_nav_waypoint@2x.png
2019-02-18 01:59:30 +0000  copying file ./mapapi.bundle/images/line_texture.png ... 
2019-02-18 01:59:30 +0000  2830 bytes for ./mapapi.bundle/images/line_texture.png
2019-02-18 01:59:30 +0000  copying file ./mapapi.bundle/images/pin_green.png ... 
2019-02-18 01:59:30 +0000  3896 bytes for ./mapapi.bundle/images/pin_green.png
2019-02-18 01:59:30 +0000  copying file ./mapapi.bundle/images/icon_nav_bus.png ... 
2019-02-18 01:59:30 +0000  1818 bytes for ./mapapi.bundle/images/icon_nav_bus.png
2019-02-18 01:59:30 +0000  copying file ./mapapi.bundle/images/icon_direction@2x.png ... 
2019-02-18 01:59:30 +0000  3496 bytes for ./mapapi.bundle/images/icon_direction@2x.png
2019-02-18 01:59:30 +0000  copying file ./mapapi.bundle/images/icon_compass@2x.png ... 
2019-02-18 01:59:30 +0000  2972 bytes for ./mapapi.bundle/images/icon_compass@2x.png
2019-02-18 01:59:30 +0000  copying file ./mapapi.bundle/images/icon_action_paopao_middle_left.png ... 
2019-02-18 01:59:30 +0000  3065 bytes for ./mapapi.bundle/images/icon_action_paopao_middle_left.png
2019-02-18 01:59:30 +0000  copying file ./mapapi.bundle/images/icon_action_paopao_middle_right@2x.png ... 
2019-02-18 01:59:30 +0000  3323 bytes for ./mapapi.bundle/images/icon_action_paopao_middle_right@2x.png
2019-02-18 01:59:30 +0000  copying file ./mapapi.bundle/images/pin_red@2x.png ... 
2019-02-18 01:59:30 +0000  5533 bytes for ./mapapi.bundle/images/pin_red@2x.png
2019-02-18 01:59:30 +0000  copying file ./mapapi.bundle/files/DVVersion.cfg ... 
2019-02-18 01:59:30 +0000  341 bytes for ./mapapi.bundle/files/DVVersion.cfg
2019-02-18 01:59:30 +0000  copying file ./mapapi.bundle/files/ResPack.rs ... 
2019-02-18 01:59:30 +0000  556818 bytes for ./mapapi.bundle/files/ResPack.rs
copying file ./mapapi.bundle/files/DVSDirectory_Retina.cfg ... 
2019-02-18 01:59:30 +0000  5491 bytes for ./mapapi.bundle/files/DVSDirectory_Retina.cfg
2019-02-18 01:59:30 +0000  copying file ./mapapi.bundle/files/DVHotMap_Retina.cfg ... 
2019-02-18 01:59:30 +0000  11174 bytes for ./mapapi.bundle/files/DVHotMap_Retina.cfg
copying file ./mapapi.bundle/files/DVHotcity.cfg ... 
2019-02-18 01:59:30 +0000  1808 bytes for ./mapapi.bundle/files/DVHotcity.cfg
2019-02-18 01:59:30 +0000  copying file ./mapapi.bundle/files/DVDirectory.cfg ... 
2019-02-18 01:59:30 +0000  69911 bytes for ./mapapi.bundle/files/DVDirectory.cfg
2019-02-18 01:59:30 +0000  copying file ./mapapi.bundle/files/DVHotMap.cfg ... 
2019-02-18 01:59:30 +0000  11174 bytes for ./mapapi.bundle/files/DVHotMap.cfg
2019-02-18 01:59:30 +0000  copying file ./mapapi.bundle/files/channel ... 
2019-02-18 01:59:30 +0000  5 bytes for ./mapapi.bundle/files/channel
copying file ./mapapi.bundle/files/trafficstyle.sty ... 
2019-02-18 01:59:30 +0000  7925 bytes for ./mapapi.bundle/files/trafficstyle.sty
2019-02-18 01:59:30 +0000  copying file ./mapapi.bundle/files/DVSDirectory.cfg ... 
2019-02-18 01:59:30 +0000  5491 bytes for ./mapapi.bundle/files/DVSDirectory.cfg
copying file ./mapapi.bundle/files/satellitestyle.sty ... 
2019-02-18 01:59:30 +0000  332752 bytes for ./mapapi.bundle/files/satellitestyle.sty
2019-02-18 01:59:30 +0000  copying file ./mapapi.bundle/files/Beijing, China.gpx ... 
166 bytes for ./mapapi.bundle/files/Beijing, China.gpx
copying file ./mapapi.bundle/files/DVHotcity_Retina.cfg ... 
2019-02-18 01:59:30 +0000  1808 bytes for ./mapapi.bundle/files/DVHotcity_Retina.cfg
copying file ./mapapi.bundle/files/mapstyle.sty ... 
2019-02-18 01:59:30 +0000  455241 bytes for ./mapapi.bundle/files/mapstyle.sty
2019-02-18 01:59:30 +0000  copying file ./mapapi.bundle/files/DVDirectory_Retina.cfg ... 
2019-02-18 01:59:30 +0000  69911 bytes for ./mapapi.bundle/files/DVDirectory_Retina.cfg
copying file ./mapapi.bundle/files/DVVersion_Retina.cfg ... 
341 bytes for ./mapapi.bundle/files/DVVersion_Retina.cfg
copying file ./mapapi.bundle/files/CustomIndex ... 
3862 bytes for ./mapapi.bundle/files/CustomIndex
copying file ./LaunchImage-1100-Portrait-2436h@3x.png ... 
2019-02-18 01:59:30 +0000  503157 bytes for ./LaunchImage-1100-Portrait-2436h@3x.png
2019-02-18 01:59:30 +0000  copying file ./AppIcon20x20@2x.png ... 
2918 bytes for ./AppIcon20x20@2x.png
copying file ./AppIcon20x20@3x.png ... 
3597 bytes for ./AppIcon20x20@3x.png
copying file ./welcome_info.plist ... 
2019-02-18 01:59:30 +0000  245 bytes for ./welcome_info.plist
2019-02-18 01:59:30 +0000  copying file ./MGBankCardResource.bundle/en.lproj/Root.strings ... 
546 bytes for ./MGBankCardResource.bundle/en.lproj/Root.strings
copying file ./MGBankCardResource.bundle/MGBankCard.strings ... 
478 bytes for ./MGBankCardResource.bundle/MGBankCard.strings
copying file ./MGBankCardResource.bundle/BankCardModel.resource ... 
2019-02-18 01:59:30 +0000  2151720 bytes for ./MGBankCardResource.bundle/BankCardModel.resource
2019-02-18 01:59:30 +0000  copying file ./MGBankCardResource.bundle/Root.plist ... 
1456 bytes for ./MGBankCardResource.bundle/Root.plist
copying file ./MJRefresh.bundle/zh-Hans.lproj/Localizable.strings ... 
1194 bytes for ./MJRefresh.bundle/zh-Hans.lproj/Localizable.strings
copying file ./MJRefresh.bundle/en.lproj/Localizable.strings ... 
1372 bytes for ./MJRefresh.bundle/en.lproj/Localizable.strings
copying file ./MJRefresh.bundle/arrow@2x.png ... 
1033 bytes for ./MJRefresh.bundle/arrow@2x.png
copying file ./MJRefresh.bundle/zh-Hant.lproj/Localizable.strings ... 
773 bytes for ./MJRefresh.bundle/zh-Hant.lproj/Localizable.strings
copying file ./WDPubLib.momd/VersionInfo.plist ... 
153 bytes for ./WDPubLib.momd/VersionInfo.plist
copying file ./WDPubLib.momd/WDPubLib.omo ... 
696 bytes for ./WDPubLib.momd/WDPubLib.omo
copying file ./WDPubLib.momd/WDPubLib.mom ... 
513 bytes for ./WDPubLib.momd/WDPubLib.mom
copying file ./AppIcon60x60@2x.png ... 
7586 bytes for ./AppIcon60x60@2x.png
copying file ./WDSDChinaCity.json ... 
357367 bytes for ./WDSDChinaCity.json
copying file ./IQKeyboardManager.bundle/IQButtonBarArrowRight@2x.png ... 
1786 bytes for ./IQKeyboardManager.bundle/IQButtonBarArrowRight@2x.png
copying file ./IQKeyboardManager.bundle/IQButtonBarArrowUp@3x.png ... 
2019-02-18 01:59:30 +0000  2164 bytes for ./IQKeyboardManager.bundle/IQButtonBarArrowUp@3x.png
copying file ./IQKeyboardManager.bundle/IQButtonBarArrowUp@2x.png ... 
1769 bytes for ./IQKeyboardManager.bundle/IQButtonBarArrowUp@2x.png
copying file ./IQKeyboardManager.bundle/IQButtonBarArrowRight@3x.png ... 
1844 bytes for ./IQKeyboardManager.bundle/IQButtonBarArrowRight@3x.png
copying file ./IQKeyboardManager.bundle/IQButtonBarArrowLeft@3x.png ... 
2019-02-18 01:59:30 +0000  1815 bytes for ./IQKeyboardManager.bundle/IQButtonBarArrowLeft@3x.png
copying file ./IQKeyboardManager.bundle/IQButtonBarArrowDown@3x.png ... 
2177 bytes for ./IQKeyboardManager.bundle/IQButtonBarArrowDown@3x.png
copying file ./IQKeyboardManager.bundle/IQButtonBarArrowDown@2x.png ... 
1764 bytes for ./IQKeyboardManager.bundle/IQButtonBarArrowDown@2x.png
copying file ./IQKeyboardManager.bundle/IQButtonBarArrowLeft@2x.png ... 
2019-02-18 01:59:30 +0000  1793 bytes for ./IQKeyboardManager.bundle/IQButtonBarArrowLeft@2x.png
2019-02-18 01:59:30 +0000  copying file ./MGIDCardResource.bundle/card_bg_front.png ... 
2019-02-18 01:59:30 +0000  41412 bytes for ./MGIDCardResource.bundle/card_bg_front.png
2019-02-18 01:59:30 +0000  copying file ./MGIDCardResource.bundle/card_front.png ... 
2019-02-18 01:59:30 +0000  9940 bytes for ./MGIDCardResource.bundle/card_front.png
copying file ./MGIDCardResource.bundle/cut_cancel_btn.png ... 
2019-02-18 01:59:30 +0000  8616 bytes for ./MGIDCardResource.bundle/cut_cancel_btn.png
2019-02-18 01:59:30 +0000  copying file ./MGIDCardResource.bundle/MGIDCardModel.model ... 
2019-02-18 01:59:30 +0000  133804 bytes for ./MGIDCardResource.bundle/MGIDCardModel.model
copying file ./MGIDCardResource.bundle/MGIDCard.strings ... 
2019-02-18 01:59:30 +0000  379 bytes for ./MGIDCardResource.bundle/MGIDCard.strings
2019-02-18 01:59:30 +0000  copying file ./MGIDCardResource.bundle/card_bg_back.png ... 
2019-02-18 01:59:30 +0000  45650 bytes for ./MGIDCardResource.bundle/card_bg_back.png
copying file ./MGIDCardResource.bundle/card_back.png ... 
2019-02-18 01:59:30 +0000  12234 bytes for ./MGIDCardResource.bundle/card_back.png
2019-02-18 01:59:30 +0000  copying file ./MGIDCardResource.bundle/Info.plist ... 
2019-02-18 01:59:30 +0000  851 bytes for ./MGIDCardResource.bundle/Info.plist
2019-02-18 01:59:30 +0000  copying file ./AppIcon29x29@2x.png ... 
2019-02-18 01:59:30 +0000  3942 bytes for ./AppIcon29x29@2x.png
2019-02-18 01:59:30 +0000  copying file ./LaunchImage-800-667h@2x.png ... 
2019-02-18 01:59:30 +0000  244565 bytes for ./LaunchImage-800-667h@2x.png
2019-02-18 01:59:30 +0000  copying file ./AppIcon40x40@3x.png ... 
7586 bytes for ./AppIcon40x40@3x.png
2019-02-18 01:59:30 +0000  copying file ./AppIcon40x40@2x.png ... 
5497 bytes for ./AppIcon40x40@2x.png
copying file ./AppIcon29x29@3x.png ... 
2019-02-18 01:59:30 +0000  5935 bytes for ./AppIcon29x29@3x.png
2019-02-18 01:59:30 +0000  copying file ./AppIcon60x60@3x.png ... 
2019-02-18 01:59:30 +0000  10733 bytes for ./AppIcon60x60@3x.png
2019-02-18 01:59:30 +0000  copying file ./config.xml ... 
2019-02-18 01:59:30 +0000  5395 bytes for ./config.xml
2019-02-18 01:59:30 +0000  copying file ./welcome6_2.png ... 
2019-02-18 01:59:30 +0000  47088 bytes for ./welcome6_2.png
2019-02-18 01:59:30 +0000  copying file ./welcome4_0.png ... 
2019-02-18 01:59:30 +0000  40526 bytes for ./welcome4_0.png
2019-02-18 01:59:30 +0000  copying file ./welcome4_1.png ... 
2019-02-18 01:59:30 +0000  45353 bytes for ./welcome4_1.png
2019-02-18 01:59:30 +0000  copying file ./welcome6_1.png ... 
2019-02-18 01:59:30 +0000  52886 bytes for ./welcome6_1.png
2019-02-18 01:59:30 +0000  copying file ./Assets.car ... 
2019-02-18 01:59:30 +0000  3972720 bytes for ./Assets.car
copying file ./welcome4_2.png ... 
2019-02-18 01:59:30 +0000  49113 bytes for ./welcome4_2.png
copying file ./welcome6_0.png ... 
40682 bytes for ./welcome6_0.png
copying file ./LaunchImage-800-Portrait-736h@3x.png ... 
575343 bytes for ./LaunchImage-800-Portrait-736h@3x.png
copying file ./welcome6p_1.png ... 
116324 bytes for ./welcome6p_1.png
copying file ./WDLoan ... 
2019-02-18 01:59:30 +0000  16847664 bytes for ./WDLoan
copying file ./LaunchImage-700@2x.png ... 
2019-02-18 01:59:30 +0000  162426 bytes for ./LaunchImage-700@2x.png
copying file ./welcome6p_0.png ... 
85293 bytes for ./welcome6p_0.png
copying file ./model ... 
2019-02-18 01:59:30 +0000  2151720 bytes for ./model
copying file ./LaunchImage-700-568h@2x.png ... 
176025 bytes for ./LaunchImage-700-568h@2x.png
copying file ./welcome6p_2.png ... 
94226 bytes for ./welcome6p_2.png
copying file ./AppScheme.plist ... 
5816 bytes for ./AppScheme.plist
copying file ./HeziSDK.bundle/icon_fanhui_Detail@2x.png ... 
1257 bytes for ./HeziSDK.bundle/icon_fanhui_Detail@2x.png
copying file ./HeziSDK.bundle/bt-13@3x.png ... 
3134 bytes for ./HeziSDK.bundle/bt-13@3x.png
copying file ./HeziSDK.bundle/hzsdk_reflush@2x.png ... 
1535 bytes for ./HeziSDK.bundle/hzsdk_reflush@2x.png
copying file ./HeziSDK.bundle/bt-13@2x.png ... 
2106 bytes for ./HeziSDK.bundle/bt-13@2x.png
copying file ./HeziSDK.bundle/share@2x.png ... 
1337 bytes for ./HeziSDK.bundle/share@2x.png
copying file ./HeziSDK.bundle/close_button@2x.png ... 
1860 bytes for ./HeziSDK.bundle/close_button@2x.png
copying file ./HeziSDK.bundle/close_Na@2x.png ... 
1170 bytes for ./HeziSDK.bundle/close_Na@2x.png
copying file ./HeziSDK.bundle/hdhz_small_close.png ... 
18541 bytes for ./HeziSDK.bundle/hdhz_small_close.png
copying file ./welcome5_2.png ... 
39842 bytes for ./welcome5_2.png
copying file ./welcome5_0.png ... 
40226 bytes for ./welcome5_0.png
copying file ./embedded.mobileprovision ... 
10511 bytes for ./embedded.mobileprovision
copying file ./welcome5_1.png ... 
45169 bytes for ./welcome5_1.png
copying file ./Info.plist ... 
2019-02-18 01:59:30 +0000  5240 bytes for ./Info.plist
copying file ./PkgInfo ... 
8 bytes for ./PkgInfo
copying file ./MGLiveResource.bundle/head-openMouse.png ... 
2019-02-18 01:59:30 +0000  66247 bytes for ./MGLiveResource.bundle/head-openMouse.png
copying file ./MGLiveResource.bundle/checkerror.mp3 ... 
2019-02-18 01:59:30 +0000  60629 bytes for ./MGLiveResource.bundle/checkerror.mp3
2019-02-18 01:59:30 +0000  copying file ./MGLiveResource.bundle/head-eye.png ... 
2019-02-18 01:59:30 +0000  52670 bytes for ./MGLiveResource.bundle/head-eye.png
copying file ./MGLiveResource.bundle/next.mp3 ... 
2019-02-18 01:59:30 +0000  30536 bytes for ./MGLiveResource.bundle/next.mp3
2019-02-18 01:59:30 +0000  copying file ./MGLiveResource.bundle/checkok.mp3 ... 
2019-02-18 01:59:30 +0000  43493 bytes for ./MGLiveResource.bundle/checkok.mp3
copying file ./MGLiveResource.bundle/actionerror.mp3 ... 
2019-02-18 01:59:30 +0000  96992 bytes for ./MGLiveResource.bundle/actionerror.mp3
2019-02-18 01:59:30 +0000  copying file ./MGLiveResource.bundle/checkerror2.mp3 ... 
2019-02-18 01:59:30 +0000  80691 bytes for ./MGLiveResource.bundle/checkerror2.mp3
copying file ./MGLiveResource.bundle/MGFaceDetection.strings ... 
2019-02-18 01:59:30 +0000  671 bytes for ./MGLiveResource.bundle/MGFaceDetection.strings
copying file ./MGLiveResource.bundle/header_bg_img.png ... 
18803 bytes for ./MGLiveResource.bundle/header_bg_img.png
copying file ./MGLiveResource.bundle/mouse.mp3 ... 
24685 bytes for ./MGLiveResource.bundle/mouse.mp3
copying file ./MGLiveResource.bundle/eye.mp3 ... 
25938 bytes for ./MGLiveResource.bundle/eye.mp3
copying file ./MGLiveResource.bundle/head-left.png ... 
2019-02-18 01:59:30 +0000  85837 bytes for ./MGLiveResource.bundle/head-left.png
2019-02-18 01:59:30 +0000  copying file ./MGLiveResource.bundle/header_4.mp3 ... 
2019-02-18 01:59:30 +0000  33462 bytes for ./MGLiveResource.bundle/header_4.mp3
2019-02-18 01:59:30 +0000  copying file ./MGLiveResource.bundle/head-up.png ... 
2019-02-18 01:59:30 +0000  68679 bytes for ./MGLiveResource.bundle/head-up.png
copying file ./MGLiveResource.bundle/header_first.png ... 
2019-02-18 01:59:30 +0000  24814 bytes for ./MGLiveResource.bundle/header_first.png
copying file ./MGLiveResource.bundle/header_3.mp3 ... 
33462 bytes for ./MGLiveResource.bundle/header_3.mp3
copying file ./MGLiveResource.bundle/head-down.png ... 
54104 bytes for ./MGLiveResource.bundle/head-down.png
copying file ./MGLiveResource.bundle/head-blink.png ... 
2019-02-18 01:59:30 +0000  52807 bytes for ./MGLiveResource.bundle/head-blink.png
2019-02-18 01:59:30 +0000  copying file ./MGLiveResource.bundle/header_2.mp3 ... 
2019-02-18 01:59:30 +0000  25103 bytes for ./MGLiveResource.bundle/header_2.mp3
2019-02-18 01:59:30 +0000  copying file ./MGLiveResource.bundle/header_1.mp3 ... 
2019-02-18 01:59:30 +0000  25103 bytes for ./MGLiveResource.bundle/header_1.mp3
2019-02-18 01:59:30 +0000  copying file ./MGLiveResource.bundle/head-right.png ... 
85778 bytes for ./MGLiveResource.bundle/head-right.png
copying file ./MGLiveResource.bundle/Info.plist ... 
2019-02-18 01:59:30 +0000  843 bytes for ./MGLiveResource.bundle/Info.plist
copying file ./MGLiveResource.bundle/facemodel.model ... 
2019-02-18 01:59:30 +0000  393000 bytes for ./MGLiveResource.bundle/facemodel.model
2019-02-18 01:59:30 +0000  copying file ./MGLiveResource.bundle/timeout.mp3 ... 
101171 bytes for ./MGLiveResource.bundle/timeout.mp3
2019-02-18 01:59:30 +0000  /usr/bin/ditto exited with 0
2019-02-18 01:59:30 +0000  Processing step: IDEDistributionEmbedProfileStep
2019-02-18 01:59:30 +0000  Processing step: IDEDistributionItemRemovalStep
2019-02-18 01:59:30 +0000  Processing step: IDEDistributionAppThinningPlistStep
2019-02-18 01:59:30 +0000  Skipping step: IDEDistributionAppThinningPlistStep because it said so
2019-02-18 01:59:30 +0000  Processing step: IDEDistributionCompileBitcodeStep
2019-02-18 01:59:30 +0000  Skipping step: IDEDistributionCompileBitcodeStep because it said so
2019-02-18 01:59:30 +0000  Processing step: IDEDistributionCodeSlimmingStep
2019-02-18 01:59:30 +0000  Processing step: IDEDistributionCopyBCSymbolMapsStep
2019-02-18 01:59:30 +0000  Processing step: IDEDistributionSymbolsStep
2019-02-18 01:59:30 +0000  Processing symbols for WDLoan.app
2019-02-18 01:59:30 +0000  Running /usr/bin/rsync '-8aPhhE' '/var/folders/ml/b927ny0d6n72bt_ljpcbqw3r0000gn/T/XcodeDistPipeline.Onx/Root/Payload/WDLoan.app' '--link-dest' '/var/folders/ml/b927ny0d6n72bt_ljpcbqw3r0000gn/T/XcodeDistPipeline.Onx/Root/Payload' '/var/folders/ml/b927ny0d6n72bt_ljpcbqw3r0000gn/T/XcodeDistPipeline.Onx'
2019-02-18 01:59:30 +0000  building file list ... 
2019-02-18 01:59:30 +0000   0 files...2019-02-18 01:59:30 +0000   100 files...2019-02-18 01:59:30 +0000  182 files to consider
2019-02-18 01:59:30 +0000  WDLoan.app/
2019-02-18 01:59:30 +0000  WDLoan.app/Frameworks/
WDLoan.app/HeziSDK.bundle/
WDLoan.app/IQKeyboardManager.bundle/
WDLoan.app/MGBankCardResource.bundle/
2019-02-18 01:59:30 +0000  WDLoan.app/MGBankCardResource.bundle/en.lproj/
WDLoan.app/MGIDCardResource.bundle/
WDLoan.app/MGLiveResource.bundle/
WDLoan.app/MJRefresh.bundle/
WDLoan.app/MJRefresh.bundle/en.lproj/
WDLoan.app/MJRefresh.bundle/zh-Hans.lproj/
WDLoan.app/MJRefresh.bundle/zh-Hant.lproj/
WDLoan.app/WDPubLib.momd/
WDLoan.app/_CodeSignature/
WDLoan.app/mapapi.bundle/
WDLoan.app/mapapi.bundle/files/
WDLoan.app/mapapi.bundle/images/
2019-02-18 01:59:30 +0000  
sent 4.95K bytes  received 122 bytes  10.13K bytes/sec
total size is 30.04M  speedup is 6069.83
2019-02-18 01:59:30 +0000  /usr/bin/rsync exited with 0
2019-02-18 01:59:30 +0000  Running /usr/bin/rsync '-8aPhhE' '/Users/a1/Library/Developer/Xcode/Archives/2019-02-18/WDLoan 2019-2-18 上午9.58.xcarchive/dSYMs/' '--link-dest' '/Users/a1/Library/Developer/Xcode/Archives/2019-02-18/WDLoan 2019-2-18 上午9.58.xcarchive/dSYMs/' '/var/folders/ml/b927ny0d6n72bt_ljpcbqw3r0000gn/T/XcodeDistPipeline.Onx'
2019-02-18 01:59:30 +0000  building file list ... 
2019-02-18 01:59:30 +0000   0 files...2019-02-18 01:59:30 +0000  7 files to consider
2019-02-18 01:59:30 +0000  ./
2019-02-18 01:59:30 +0000  WDLoan.app.dSYM/
WDLoan.app.dSYM/Contents/
2019-02-18 01:59:30 +0000  WDLoan.app.dSYM/Contents/Resources/
WDLoan.app.dSYM/Contents/Resources/DWARF/
2019-02-18 01:59:30 +0000  
sent 233 bytes  received 50 bytes  566.00 bytes/sec
total size is 21.62M  speedup is 80094.31
2019-02-18 01:59:30 +0000  /usr/bin/rsync exited with 0
2019-02-18 01:59:30 +0000  Running /Applications/Xcode.app/Contents/Developer/usr/bin/symbols '-noTextInSOD' '-noDaemon' '-arch' 'all' '-symbolsPackageDir' '/var/folders/ml/b927ny0d6n72bt_ljpcbqw3r0000gn/T/XcodeDistPipeline.Onx/Symbols' '/var/folders/ml/b927ny0d6n72bt_ljpcbqw3r0000gn/T/XcodeDistPipeline.Onx/WDLoan.app.dSYM/Contents/Resources/Dwarf/WDLoan'
2019-02-18 01:59:31 +0000  /var/folders/ml/b927ny0d6n72bt_ljpcbqw3r0000gn/T/XcodeDistPipeline.Onx/WDLoan.app.dSYM/Contents/Resources/Dwarf/WDLoan [armv7, 0.719696 seconds]:
/var/folders/ml/b927ny0d6n72bt_ljpcbqw3r0000gn/T/XcodeDistPipeline.Onx/WDLoan.app.dSYM/Contents/Resources/Dwarf/WDLoan [arm64, 0.719696 seconds]:
2019-02-18 01:59:31 +0000  /Applications/Xcode.app/Contents/Developer/usr/bin/symbols exited with 0
2019-02-18 01:59:31 +0000  Processing step: IDEDistributionCopyAppleProvidedContentStep
2019-02-18 01:59:31 +0000  Processing step: IDEDistributionAppThinningStep
2019-02-18 01:59:31 +0000  Skipping step: IDEDistributionAppThinningStep because it said so
2019-02-18 01:59:31 +0000  Processing step: IDEDistributionArchThinningStep
2019-02-18 01:59:31 +0000  Running /Applications/Xcode.app/Contents/Developer/Toolchains/XcodeDefault.xctoolchain/usr/bin/lipo '/var/folders/ml/b927ny0d6n72bt_ljpcbqw3r0000gn/T/XcodeDistPipeline.Onx/Root/Payload/WDLoan.app/WDLoan' '-verify_arch' 'arm64e'
2019-02-18 01:59:31 +0000  /Applications/Xcode.app/Contents/Developer/Toolchains/XcodeDefault.xctoolchain/usr/bin/lipo exited with 1
2019-02-18 01:59:31 +0000  Skipping architecture thinning for item "WDLoan" because arch "arm64e" wasn't found
2019-02-18 01:59:31 +0000  Processing step: IDEDistributionODRStep
2019-02-18 01:59:31 +0000  Processing step: IDEDistributionStripXattrsStep
2019-02-18 01:59:31 +0000  Running /usr/bin/xattr '-crs' '/var/folders/ml/b927ny0d6n72bt_ljpcbqw3r0000gn/T/XcodeDistPipeline.Onx/Root/Payload/WDLoan.app'
2019-02-18 01:59:31 +0000  /usr/bin/xattr exited with 0
2019-02-18 01:59:31 +0000  Processing step: IDEDistributionCodesignStep
2019-02-18 01:59:31 +0000  Entitlements for <IDEDistributionItem: 0x7fbbb031f710 'com.wandaloans.timesloan' '<DVTFilePath:0x7fbbace546e0:'/Users/a1/Library/Developer/Xcode/Archives/2019-02-18/WDLoan 2019-2-18 上午9.58.xcarchive/Products/Applications/WDLoan.app'>'>: {
    "application-identifier" = "8UA5Z3S999.com.wandaloans.timesloan";
    "aps-environment" = production;
    "beta-reports-active" = 1;
    "com.apple.developer.team-identifier" = 8UA5Z3S999;
    "get-task-allow" = 0;
}
2019-02-18 01:59:31 +0000  Writing entitlements for <IDEDistributionItem: 0x7fbbb031f710 'com.wandaloans.timesloan' '<DVTFilePath:0x7fbbace546e0:'/Users/a1/Library/Developer/Xcode/Archives/2019-02-18/WDLoan 2019-2-18 上午9.58.xcarchive/Products/Applications/WDLoan.app'>'> to: /var/folders/ml/b927ny0d6n72bt_ljpcbqw3r0000gn/T/XcodeDistPipeline.Onx/entitlementsaIKbGs
2019-02-18 01:59:31 +0000  Running /usr/bin/codesign '-vvv' '--force' '--sign' 'B87C8FB8FFE2FF503BA5511FC83C3BF9702E2DA4' '--entitlements' '/var/folders/ml/b927ny0d6n72bt_ljpcbqw3r0000gn/T/XcodeDistPipeline.Onx/entitlementsaIKbGs' '--preserve-metadata=identifier,flags,runtime' '/var/folders/ml/b927ny0d6n72bt_ljpcbqw3r0000gn/T/XcodeDistPipeline.Onx/Root/Payload/WDLoan.app'
2019-02-18 01:59:32 +0000  /var/folders/ml/b927ny0d6n72bt_ljpcbqw3r0000gn/T/XcodeDistPipeline.Onx/Root/Payload/WDLoan.app: replacing existing signature
2019-02-18 01:59:32 +0000  /var/folders/ml/b927ny0d6n72bt_ljpcbqw3r0000gn/T/XcodeDistPipeline.Onx/Root/Payload/WDLoan.app: signed app bundle with Mach-O universal (armv7 arm64) [com.wandaloans.timesloan]
2019-02-18 01:59:32 +0000  /usr/bin/codesign exited with 0
2019-02-18 01:59:32 +0000  Processing step: IDEDistributionZipODRItemStep
2019-02-18 01:59:32 +0000  Skipping step: IDEDistributionZipODRItemStep because it said so
2019-02-18 01:59:32 +0000  Processing step: IDEDistributionCreateIPAStep
2019-02-18 01:59:32 +0000  Running /usr/bin/rsync '-8aPhhE' '/var/folders/ml/b927ny0d6n72bt_ljpcbqw3r0000gn/T/XcodeDistPipeline.Onx/Symbols' '--link-dest' '/var/folders/ml/b927ny0d6n72bt_ljpcbqw3r0000gn/T/XcodeDistPipeline.Onx' '/var/folders/ml/b927ny0d6n72bt_ljpcbqw3r0000gn/T/XcodeDistPipeline.Onx/Root'
2019-02-18 01:59:32 +0000  building file list ... 
2019-02-18 01:59:32 +0000   0 files...2019-02-18 01:59:32 +0000  3 files to consider
2019-02-18 01:59:32 +0000  Symbols/
2019-02-18 01:59:32 +0000  
sent 191 bytes  received 26 bytes  434.00 bytes/sec
total size is 720  speedup is 3.32
2019-02-18 01:59:32 +0000  /usr/bin/rsync exited with 0
2019-02-18 01:59:32 +0000  Running /usr/bin/ditto '-V' '-c' '-k' '--norsrc' '/var/folders/ml/b927ny0d6n72bt_ljpcbqw3r0000gn/T/XcodeDistPipeline.Onx/Root' '/var/folders/ml/b927ny0d6n72bt_ljpcbqw3r0000gn/T/XcodeDistPipeline.Onx/Packages/WDLoan.ipa'
2019-02-18 01:59:32 +0000  >>> Copying /var/folders/ml/b927ny0d6n72bt_ljpcbqw3r0000gn/T/XcodeDistPipeline.Onx/Root 
2019-02-18 01:59:32 +0000  copying file ./Payload/WDLoan.app/_CodeSignature/CodeResources ... 
2019-02-18 01:59:32 +0000  56039 bytes for ./Payload/WDLoan.app/_CodeSignature/CodeResources
2019-02-18 01:59:32 +0000  copying file ./Payload/WDLoan.app/mapapi.bundle/images/icon_paopao_middle_right.png ... 
2019-02-18 01:59:32 +0000  3411 bytes for ./Payload/WDLoan.app/mapapi.bundle/images/icon_paopao_middle_right.png
copying file ./Payload/WDLoan.app/mapapi.bundle/images/icon_nav_bus@2x.png ... 
2019-02-18 01:59:32 +0000  1394 bytes for ./Payload/WDLoan.app/mapapi.bundle/images/icon_nav_bus@2x.png
2019-02-18 01:59:32 +0000  copying file ./Payload/WDLoan.app/mapapi.bundle/images/icon_nav_start@2x.png ... 
2019-02-18 01:59:32 +0000  7712 bytes for ./Payload/WDLoan.app/mapapi.bundle/images/icon_nav_start@2x.png
copying file ./Payload/WDLoan.app/mapapi.bundle/images/icon_paopao_middle_right_highlighted.png ... 
2019-02-18 01:59:32 +0000  3386 bytes for ./Payload/WDLoan.app/mapapi.bundle/images/icon_paopao_middle_right_highlighted.png
2019-02-18 01:59:32 +0000  copying file ./Payload/WDLoan.app/mapapi.bundle/images/baidumap_logo.png ... 
2019-02-18 01:59:32 +0000  4387 bytes for ./Payload/WDLoan.app/mapapi.bundle/images/baidumap_logo.png
copying file ./Payload/WDLoan.app/mapapi.bundle/images/icon_action_paopao_middle_left_highlighted.png ... 
2019-02-18 01:59:32 +0000  3059 bytes for ./Payload/WDLoan.app/mapapi.bundle/images/icon_action_paopao_middle_left_highlighted.png
2019-02-18 01:59:32 +0000  copying file ./Payload/WDLoan.app/mapapi.bundle/images/pin_red.png ... 
2019-02-18 01:59:32 +0000  3865 bytes for ./Payload/WDLoan.app/mapapi.bundle/images/pin_red.png
copying file ./Payload/WDLoan.app/mapapi.bundle/images/icon_nav_waypoint.png ... 
2019-02-18 01:59:32 +0000  4693 bytes for ./Payload/WDLoan.app/mapapi.bundle/images/icon_nav_waypoint.png
2019-02-18 01:59:32 +0000  copying file ./Payload/WDLoan.app/mapapi.bundle/images/icon_nav_rail@2x.png ... 
2019-02-18 01:59:32 +0000  1555 bytes for ./Payload/WDLoan.app/mapapi.bundle/images/icon_nav_rail@2x.png
copying file ./Payload/WDLoan.app/mapapi.bundle/images/icon_nav_rail.png ... 
2019-02-18 01:59:32 +0000  1950 bytes for ./Payload/WDLoan.app/mapapi.bundle/images/icon_nav_rail.png
2019-02-18 01:59:32 +0000  copying file ./Payload/WDLoan.app/mapapi.bundle/images/icon_nav_end@2x.png ... 
2019-02-18 01:59:32 +0000  7991 bytes for ./Payload/WDLoan.app/mapapi.bundle/images/icon_nav_end@2x.png
2019-02-18 01:59:32 +0000  copying file ./Payload/WDLoan.app/mapapi.bundle/images/pin_purple@2x.png ... 
2019-02-18 01:59:32 +0000  5716 bytes for ./Payload/WDLoan.app/mapapi.bundle/images/pin_purple@2x.png
copying file ./Payload/WDLoan.app/mapapi.bundle/images/icon_nav_end.png ... 
2019-02-18 01:59:32 +0000  4793 bytes for ./Payload/WDLoan.app/mapapi.bundle/images/icon_nav_end.png
2019-02-18 01:59:32 +0000  copying file ./Payload/WDLoan.app/mapapi.bundle/images/icon_cellphone@2x.png ... 
2019-02-18 01:59:32 +0000  4674 bytes for ./Payload/WDLoan.app/mapapi.bundle/images/icon_cellphone@2x.png
2019-02-18 01:59:32 +0000  copying file ./Payload/WDLoan.app/mapapi.bundle/images/icon_action_paopao_middle_right_highlighted.png ... 
2019-02-18 01:59:32 +0000  3045 bytes for ./Payload/WDLoan.app/mapapi.bundle/images/icon_action_paopao_middle_right_highlighted.png
copying file ./Payload/WDLoan.app/mapapi.bundle/images/icon_paopao_middle_left@2x.png ... 
2019-02-18 01:59:32 +0000  4308 bytes for ./Payload/WDLoan.app/mapapi.bundle/images/icon_paopao_middle_left@2x.png
2019-02-18 01:59:32 +0000  copying file ./Payload/WDLoan.app/mapapi.bundle/images/icon_action_paopao_middle_left_highlighted@2x.png ... 
2019-02-18 01:59:32 +0000  3421 bytes for ./Payload/WDLoan.app/mapapi.bundle/images/icon_action_paopao_middle_left_highlighted@2x.png
copying file ./Payload/WDLoan.app/mapapi.bundle/images/icon_paopao_middle_left_highlighted.png ... 
2019-02-18 01:59:32 +0000  3452 bytes for ./Payload/WDLoan.app/mapapi.bundle/images/icon_paopao_middle_left_highlighted.png
2019-02-18 01:59:32 +0000  copying file ./Payload/WDLoan.app/mapapi.bundle/images/icon_action_paopao_middle_right.png ... 
2019-02-18 01:59:32 +0000  3049 bytes for ./Payload/WDLoan.app/mapapi.bundle/images/icon_action_paopao_middle_right.png
copying file ./Payload/WDLoan.app/mapapi.bundle/images/icon_line_nofocus.png ... 
2019-02-18 01:59:32 +0000  112 bytes for ./Payload/WDLoan.app/mapapi.bundle/images/icon_line_nofocus.png
copying file ./Payload/WDLoan.app/mapapi.bundle/images/direction_wheel@2x.png ... 
2019-02-18 01:59:32 +0000  9255 bytes for ./Payload/WDLoan.app/mapapi.bundle/images/direction_wheel@2x.png
2019-02-18 01:59:32 +0000  copying file ./Payload/WDLoan.app/mapapi.bundle/images/pin_purple.png ... 
2019-02-18 01:59:32 +0000  3909 bytes for ./Payload/WDLoan.app/mapapi.bundle/images/pin_purple.png
copying file ./Payload/WDLoan.app/mapapi.bundle/images/icon_center_point@2x.png ... 
2019-02-18 01:59:32 +0000  2470 bytes for ./Payload/WDLoan.app/mapapi.bundle/images/icon_center_point@2x.png
2019-02-18 01:59:32 +0000  copying file ./Payload/WDLoan.app/mapapi.bundle/images/icon_nav_start.png ... 
2019-02-18 01:59:32 +0000  4760 bytes for ./Payload/WDLoan.app/mapapi.bundle/images/icon_nav_start.png
copying file ./Payload/WDLoan.app/mapapi.bundle/images/icon_direction.png ... 
2019-02-18 01:59:32 +0000  3334 bytes for ./Payload/WDLoan.app/mapapi.bundle/images/icon_direction.png
2019-02-18 01:59:32 +0000  copying file ./Payload/WDLoan.app/mapapi.bundle/images/icon_action_paopao_middle_left@2x.png ... 
2019-02-18 01:59:32 +0000  3406 bytes for ./Payload/WDLoan.app/mapapi.bundle/images/icon_action_paopao_middle_left@2x.png
copying file ./Payload/WDLoan.app/mapapi.bundle/images/icon_paopao_middle_left.png ... 
2019-02-18 01:59:32 +0000  3397 bytes for ./Payload/WDLoan.app/mapapi.bundle/images/icon_paopao_middle_left.png
2019-02-18 01:59:32 +0000  copying file ./Payload/WDLoan.app/mapapi.bundle/images/icon_compass.png ... 
2019-02-18 01:59:32 +0000  3807 bytes for ./Payload/WDLoan.app/mapapi.bundle/images/icon_compass.png
copying file ./Payload/WDLoan.app/mapapi.bundle/images/icon_paopao_middle_right@2x.png ... 
2019-02-18 01:59:32 +0000  4202 bytes for ./Payload/WDLoan.app/mapapi.bundle/images/icon_paopao_middle_right@2x.png
2019-02-18 01:59:32 +0000  copying file ./Payload/WDLoan.app/mapapi.bundle/images/direction_wheel.png ... 
2019-02-18 01:59:32 +0000  3839 bytes for ./Payload/WDLoan.app/mapapi.bundle/images/direction_wheel.png
copying file ./Payload/WDLoan.app/mapapi.bundle/images/icon_paopao_middle_right_highlighted@2x.png ... 
2019-02-18 01:59:32 +0000  4185 bytes for ./Payload/WDLoan.app/mapapi.bundle/images/icon_paopao_middle_right_highlighted@2x.png
2019-02-18 01:59:32 +0000  copying file ./Payload/WDLoan.app/mapapi.bundle/images/icon_center_point.png ... 
2019-02-18 01:59:32 +0000  1168 bytes for ./Payload/WDLoan.app/mapapi.bundle/images/icon_center_point.png
copying file ./Payload/WDLoan.app/mapapi.bundle/images/lineDashTexture.png ... 
2019-02-18 01:59:32 +0000  194 bytes for ./Payload/WDLoan.app/mapapi.bundle/images/lineDashTexture.png
copying file ./Payload/WDLoan.app/mapapi.bundle/images/icon_paopao_middle_left_highlighted@2x.png ... 
2019-02-18 01:59:32 +0000  4291 bytes for ./Payload/WDLoan.app/mapapi.bundle/images/icon_paopao_middle_left_highlighted@2x.png
2019-02-18 01:59:32 +0000  copying file ./Payload/WDLoan.app/mapapi.bundle/images/icon_action_paopao_middle_right_highlighted@2x.png ... 
2019-02-18 01:59:32 +0000  3328 bytes for ./Payload/WDLoan.app/mapapi.bundle/images/icon_action_paopao_middle_right_highlighted@2x.png
copying file ./Payload/WDLoan.app/mapapi.bundle/images/bnavi_icon_location_fixed.png ... 
2019-02-18 01:59:32 +0000  601 bytes for ./Payload/WDLoan.app/mapapi.bundle/images/bnavi_icon_location_fixed.png
2019-02-18 01:59:32 +0000  copying file ./Payload/WDLoan.app/mapapi.bundle/images/icon_cellphone.png ... 
2019-02-18 01:59:32 +0000  2703 bytes for ./Payload/WDLoan.app/mapapi.bundle/images/icon_cellphone.png
copying file ./Payload/WDLoan.app/mapapi.bundle/images/icon_cellphone2.png ... 
2019-02-18 01:59:32 +0000  3712 bytes for ./Payload/WDLoan.app/mapapi.bundle/images/icon_cellphone2.png
2019-02-18 01:59:32 +0000  copying file ./Payload/WDLoan.app/mapapi.bundle/images/baidumap_logo@2x.png ... 
2019-02-18 01:59:32 +0000  5920 bytes for ./Payload/WDLoan.app/mapapi.bundle/images/baidumap_logo@2x.png
copying file ./Payload/WDLoan.app/mapapi.bundle/images/icon_compass_background@2x.png ... 
2019-02-18 01:59:32 +0000  5464 bytes for ./Payload/WDLoan.app/mapapi.bundle/images/icon_compass_background@2x.png
2019-02-18 01:59:32 +0000  copying file ./Payload/WDLoan.app/mapapi.bundle/images/icon_compass_background.png ... 
2019-02-18 01:59:32 +0000  4797 bytes for ./Payload/WDLoan.app/mapapi.bundle/images/icon_compass_background.png
2019-02-18 01:59:32 +0000  copying file ./Payload/WDLoan.app/mapapi.bundle/images/icon_cellphone2@2x.png ... 
2019-02-18 01:59:32 +0000  7717 bytes for ./Payload/WDLoan.app/mapapi.bundle/images/icon_cellphone2@2x.png
2019-02-18 01:59:32 +0000  copying file ./Payload/WDLoan.app/mapapi.bundle/images/pin_green@2x.png ... 
2019-02-18 01:59:32 +0000  5685 bytes for ./Payload/WDLoan.app/mapapi.bundle/images/pin_green@2x.png
copying file ./Payload/WDLoan.app/mapapi.bundle/images/bnavi_icon_location_fixed@2x.png ... 
2019-02-18 01:59:32 +0000  1458 bytes for ./Payload/WDLoan.app/mapapi.bundle/images/bnavi_icon_location_fixed@2x.png
2019-02-18 01:59:32 +0000  copying file ./Payload/WDLoan.app/mapapi.bundle/images/icon_nav_waypoint@2x.png ... 
2019-02-18 01:59:32 +0000  5068 bytes for ./Payload/WDLoan.app/mapapi.bundle/images/icon_nav_waypoint@2x.png
2019-02-18 01:59:32 +0000  copying file ./Payload/WDLoan.app/mapapi.bundle/images/line_texture.png ... 
2019-02-18 01:59:32 +0000  2830 bytes for ./Payload/WDLoan.app/mapapi.bundle/images/line_texture.png
2019-02-18 01:59:32 +0000  copying file ./Payload/WDLoan.app/mapapi.bundle/images/pin_green.png ... 
2019-02-18 01:59:32 +0000  3896 bytes for ./Payload/WDLoan.app/mapapi.bundle/images/pin_green.png
copying file ./Payload/WDLoan.app/mapapi.bundle/images/icon_nav_bus.png ... 
2019-02-18 01:59:32 +0000  1818 bytes for ./Payload/WDLoan.app/mapapi.bundle/images/icon_nav_bus.png
2019-02-18 01:59:32 +0000  copying file ./Payload/WDLoan.app/mapapi.bundle/images/icon_direction@2x.png ... 
2019-02-18 01:59:32 +0000  3496 bytes for ./Payload/WDLoan.app/mapapi.bundle/images/icon_direction@2x.png
copying file ./Payload/WDLoan.app/mapapi.bundle/images/icon_compass@2x.png ... 
2019-02-18 01:59:32 +0000  2972 bytes for ./Payload/WDLoan.app/mapapi.bundle/images/icon_compass@2x.png
2019-02-18 01:59:32 +0000  copying file ./Payload/WDLoan.app/mapapi.bundle/images/icon_action_paopao_middle_left.png ... 
2019-02-18 01:59:32 +0000  3065 bytes for ./Payload/WDLoan.app/mapapi.bundle/images/icon_action_paopao_middle_left.png
copying file ./Payload/WDLoan.app/mapapi.bundle/images/icon_action_paopao_middle_right@2x.png ... 
2019-02-18 01:59:32 +0000  3323 bytes for ./Payload/WDLoan.app/mapapi.bundle/images/icon_action_paopao_middle_right@2x.png
2019-02-18 01:59:32 +0000  copying file ./Payload/WDLoan.app/mapapi.bundle/images/pin_red@2x.png ... 
2019-02-18 01:59:32 +0000  5533 bytes for ./Payload/WDLoan.app/mapapi.bundle/images/pin_red@2x.png
2019-02-18 01:59:32 +0000  copying file ./Payload/WDLoan.app/mapapi.bundle/files/DVVersion.cfg ... 
2019-02-18 01:59:32 +0000  341 bytes for ./Payload/WDLoan.app/mapapi.bundle/files/DVVersion.cfg
copying file ./Payload/WDLoan.app/mapapi.bundle/files/ResPack.rs ... 
2019-02-18 01:59:32 +0000  556818 bytes for ./Payload/WDLoan.app/mapapi.bundle/files/ResPack.rs
copying file ./Payload/WDLoan.app/mapapi.bundle/files/DVSDirectory_Retina.cfg ... 
2019-02-18 01:59:32 +0000  5491 bytes for ./Payload/WDLoan.app/mapapi.bundle/files/DVSDirectory_Retina.cfg
copying file ./Payload/WDLoan.app/mapapi.bundle/files/DVHotMap_Retina.cfg ... 
2019-02-18 01:59:32 +0000  11174 bytes for ./Payload/WDLoan.app/mapapi.bundle/files/DVHotMap_Retina.cfg
2019-02-18 01:59:32 +0000  copying file ./Payload/WDLoan.app/mapapi.bundle/files/DVHotcity.cfg ... 
2019-02-18 01:59:32 +0000  1808 bytes for ./Payload/WDLoan.app/mapapi.bundle/files/DVHotcity.cfg
copying file ./Payload/WDLoan.app/mapapi.bundle/files/DVDirectory.cfg ... 
2019-02-18 01:59:32 +0000  69911 bytes for ./Payload/WDLoan.app/mapapi.bundle/files/DVDirectory.cfg
copying file ./Payload/WDLoan.app/mapapi.bundle/files/DVHotMap.cfg ... 
2019-02-18 01:59:32 +0000  11174 bytes for ./Payload/WDLoan.app/mapapi.bundle/files/DVHotMap.cfg
copying file ./Payload/WDLoan.app/mapapi.bundle/files/channel ... 
2019-02-18 01:59:32 +0000  5 bytes for ./Payload/WDLoan.app/mapapi.bundle/files/channel
copying file ./Payload/WDLoan.app/mapapi.bundle/files/trafficstyle.sty ... 
2019-02-18 01:59:32 +0000  7925 bytes for ./Payload/WDLoan.app/mapapi.bundle/files/trafficstyle.sty
2019-02-18 01:59:32 +0000  copying file ./Payload/WDLoan.app/mapapi.bundle/files/DVSDirectory.cfg ... 
2019-02-18 01:59:32 +0000  5491 bytes for ./Payload/WDLoan.app/mapapi.bundle/files/DVSDirectory.cfg
copying file ./Payload/WDLoan.app/mapapi.bundle/files/satellitestyle.sty ... 
2019-02-18 01:59:32 +0000  332752 bytes for ./Payload/WDLoan.app/mapapi.bundle/files/satellitestyle.sty
copying file ./Payload/WDLoan.app/mapapi.bundle/files/Beijing, China.gpx ... 
2019-02-18 01:59:32 +0000  166 bytes for ./Payload/WDLoan.app/mapapi.bundle/files/Beijing, China.gpx
copying file ./Payload/WDLoan.app/mapapi.bundle/files/DVHotcity_Retina.cfg ... 
2019-02-18 01:59:32 +0000  1808 bytes for ./Payload/WDLoan.app/mapapi.bundle/files/DVHotcity_Retina.cfg
copying file ./Payload/WDLoan.app/mapapi.bundle/files/mapstyle.sty ... 
2019-02-18 01:59:32 +0000  455241 bytes for ./Payload/WDLoan.app/mapapi.bundle/files/mapstyle.sty
copying file ./Payload/WDLoan.app/mapapi.bundle/files/DVDirectory_Retina.cfg ... 
2019-02-18 01:59:32 +0000  69911 bytes for ./Payload/WDLoan.app/mapapi.bundle/files/DVDirectory_Retina.cfg
copying file ./Payload/WDLoan.app/mapapi.bundle/files/DVVersion_Retina.cfg ... 
2019-02-18 01:59:32 +0000  341 bytes for ./Payload/WDLoan.app/mapapi.bundle/files/DVVersion_Retina.cfg
copying file ./Payload/WDLoan.app/mapapi.bundle/files/CustomIndex ... 
2019-02-18 01:59:32 +0000  3862 bytes for ./Payload/WDLoan.app/mapapi.bundle/files/CustomIndex
2019-02-18 01:59:32 +0000  copying file ./Payload/WDLoan.app/LaunchImage-1100-Portrait-2436h@3x.png ... 
2019-02-18 01:59:32 +0000  503157 bytes for ./Payload/WDLoan.app/LaunchImage-1100-Portrait-2436h@3x.png
copying file ./Payload/WDLoan.app/AppIcon20x20@2x.png ... 
2019-02-18 01:59:32 +0000  2918 bytes for ./Payload/WDLoan.app/AppIcon20x20@2x.png
copying file ./Payload/WDLoan.app/AppIcon20x20@3x.png ... 
2019-02-18 01:59:32 +0000  3597 bytes for ./Payload/WDLoan.app/AppIcon20x20@3x.png
2019-02-18 01:59:32 +0000  copying file ./Payload/WDLoan.app/welcome_info.plist ... 
245 bytes for ./Payload/WDLoan.app/welcome_info.plist
2019-02-18 01:59:32 +0000  copying file ./Payload/WDLoan.app/MGBankCardResource.bundle/en.lproj/Root.strings ... 
2019-02-18 01:59:32 +0000  546 bytes for ./Payload/WDLoan.app/MGBankCardResource.bundle/en.lproj/Root.strings
2019-02-18 01:59:32 +0000  copying file ./Payload/WDLoan.app/MGBankCardResource.bundle/MGBankCard.strings ... 
2019-02-18 01:59:32 +0000  478 bytes for ./Payload/WDLoan.app/MGBankCardResource.bundle/MGBankCard.strings
copying file ./Payload/WDLoan.app/MGBankCardResource.bundle/BankCardModel.resource ... 
2019-02-18 01:59:32 +0000  2151720 bytes for ./Payload/WDLoan.app/MGBankCardResource.bundle/BankCardModel.resource
copying file ./Payload/WDLoan.app/MGBankCardResource.bundle/Root.plist ... 
2019-02-18 01:59:32 +0000  1456 bytes for ./Payload/WDLoan.app/MGBankCardResource.bundle/Root.plist
2019-02-18 01:59:32 +0000  copying file ./Payload/WDLoan.app/MJRefresh.bundle/zh-Hans.lproj/Localizable.strings ... 
2019-02-18 01:59:32 +0000  1194 bytes for ./Payload/WDLoan.app/MJRefresh.bundle/zh-Hans.lproj/Localizable.strings
2019-02-18 01:59:32 +0000  copying file ./Payload/WDLoan.app/MJRefresh.bundle/en.lproj/Localizable.strings ... 
1372 bytes for ./Payload/WDLoan.app/MJRefresh.bundle/en.lproj/Localizable.strings
2019-02-18 01:59:32 +0000  copying file ./Payload/WDLoan.app/MJRefresh.bundle/arrow@2x.png ... 
2019-02-18 01:59:32 +0000  1033 bytes for ./Payload/WDLoan.app/MJRefresh.bundle/arrow@2x.png
2019-02-18 01:59:32 +0000  copying file ./Payload/WDLoan.app/MJRefresh.bundle/zh-Hant.lproj/Localizable.strings ... 
2019-02-18 01:59:32 +0000  773 bytes for ./Payload/WDLoan.app/MJRefresh.bundle/zh-Hant.lproj/Localizable.strings
copying file ./Payload/WDLoan.app/WDPubLib.momd/VersionInfo.plist ... 
2019-02-18 01:59:32 +0000  153 bytes for ./Payload/WDLoan.app/WDPubLib.momd/VersionInfo.plist
copying file ./Payload/WDLoan.app/WDPubLib.momd/WDPubLib.omo ... 
2019-02-18 01:59:32 +0000  696 bytes for ./Payload/WDLoan.app/WDPubLib.momd/WDPubLib.omo
2019-02-18 01:59:32 +0000  copying file ./Payload/WDLoan.app/WDPubLib.momd/WDPubLib.mom ... 
513 bytes for ./Payload/WDLoan.app/WDPubLib.momd/WDPubLib.mom
2019-02-18 01:59:32 +0000  copying file ./Payload/WDLoan.app/AppIcon60x60@2x.png ... 
2019-02-18 01:59:32 +0000  7586 bytes for ./Payload/WDLoan.app/AppIcon60x60@2x.png
2019-02-18 01:59:32 +0000  copying file ./Payload/WDLoan.app/WDSDChinaCity.json ... 
2019-02-18 01:59:32 +0000  357367 bytes for ./Payload/WDLoan.app/WDSDChinaCity.json
2019-02-18 01:59:32 +0000  copying file ./Payload/WDLoan.app/IQKeyboardManager.bundle/IQButtonBarArrowRight@2x.png ... 
2019-02-18 01:59:32 +0000  1786 bytes for ./Payload/WDLoan.app/IQKeyboardManager.bundle/IQButtonBarArrowRight@2x.png
copying file ./Payload/WDLoan.app/IQKeyboardManager.bundle/IQButtonBarArrowUp@3x.png ... 
2019-02-18 01:59:32 +0000  2164 bytes for ./Payload/WDLoan.app/IQKeyboardManager.bundle/IQButtonBarArrowUp@3x.png
copying file ./Payload/WDLoan.app/IQKeyboardManager.bundle/IQButtonBarArrowUp@2x.png ... 
2019-02-18 01:59:32 +0000  1769 bytes for ./Payload/WDLoan.app/IQKeyboardManager.bundle/IQButtonBarArrowUp@2x.png
copying file ./Payload/WDLoan.app/IQKeyboardManager.bundle/IQButtonBarArrowRight@3x.png ... 
2019-02-18 01:59:32 +0000  1844 bytes for ./Payload/WDLoan.app/IQKeyboardManager.bundle/IQButtonBarArrowRight@3x.png
2019-02-18 01:59:32 +0000  copying file ./Payload/WDLoan.app/IQKeyboardManager.bundle/IQButtonBarArrowLeft@3x.png ... 
2019-02-18 01:59:32 +0000  1815 bytes for ./Payload/WDLoan.app/IQKeyboardManager.bundle/IQButtonBarArrowLeft@3x.png
copying file ./Payload/WDLoan.app/IQKeyboardManager.bundle/IQButtonBarArrowDown@3x.png ... 
2019-02-18 01:59:32 +0000  2177 bytes for ./Payload/WDLoan.app/IQKeyboardManager.bundle/IQButtonBarArrowDown@3x.png
2019-02-18 01:59:32 +0000  copying file ./Payload/WDLoan.app/IQKeyboardManager.bundle/IQButtonBarArrowDown@2x.png ... 
2019-02-18 01:59:32 +0000  1764 bytes for ./Payload/WDLoan.app/IQKeyboardManager.bundle/IQButtonBarArrowDown@2x.png
copying file ./Payload/WDLoan.app/IQKeyboardManager.bundle/IQButtonBarArrowLeft@2x.png ... 
2019-02-18 01:59:32 +0000  1793 bytes for ./Payload/WDLoan.app/IQKeyboardManager.bundle/IQButtonBarArrowLeft@2x.png
2019-02-18 01:59:32 +0000  copying file ./Payload/WDLoan.app/MGIDCardResource.bundle/card_bg_front.png ... 
2019-02-18 01:59:32 +0000  41412 bytes for ./Payload/WDLoan.app/MGIDCardResource.bundle/card_bg_front.png
copying file ./Payload/WDLoan.app/MGIDCardResource.bundle/card_front.png ... 
2019-02-18 01:59:32 +0000  9940 bytes for ./Payload/WDLoan.app/MGIDCardResource.bundle/card_front.png
2019-02-18 01:59:32 +0000  copying file ./Payload/WDLoan.app/MGIDCardResource.bundle/cut_cancel_btn.png ... 
2019-02-18 01:59:32 +0000  8616 bytes for ./Payload/WDLoan.app/MGIDCardResource.bundle/cut_cancel_btn.png
2019-02-18 01:59:32 +0000  copying file ./Payload/WDLoan.app/MGIDCardResource.bundle/MGIDCardModel.model ... 
2019-02-18 01:59:32 +0000  133804 bytes for ./Payload/WDLoan.app/MGIDCardResource.bundle/MGIDCardModel.model
copying file ./Payload/WDLoan.app/MGIDCardResource.bundle/MGIDCard.strings ... 
2019-02-18 01:59:32 +0000  379 bytes for ./Payload/WDLoan.app/MGIDCardResource.bundle/MGIDCard.strings
copying file ./Payload/WDLoan.app/MGIDCardResource.bundle/card_bg_back.png ... 
2019-02-18 01:59:32 +0000  45650 bytes for ./Payload/WDLoan.app/MGIDCardResource.bundle/card_bg_back.png
copying file ./Payload/WDLoan.app/MGIDCardResource.bundle/card_back.png ... 
2019-02-18 01:59:32 +0000  12234 bytes for ./Payload/WDLoan.app/MGIDCardResource.bundle/card_back.png
copying file ./Payload/WDLoan.app/MGIDCardResource.bundle/Info.plist ... 
2019-02-18 01:59:32 +0000  851 bytes for ./Payload/WDLoan.app/MGIDCardResource.bundle/Info.plist
copying file ./Payload/WDLoan.app/AppIcon29x29@2x.png ... 
2019-02-18 01:59:32 +0000  3942 bytes for ./Payload/WDLoan.app/AppIcon29x29@2x.png
2019-02-18 01:59:32 +0000  copying file ./Payload/WDLoan.app/LaunchImage-800-667h@2x.png ... 
2019-02-18 01:59:32 +0000  244565 bytes for ./Payload/WDLoan.app/LaunchImage-800-667h@2x.png
copying file ./Payload/WDLoan.app/AppIcon40x40@3x.png ... 
2019-02-18 01:59:32 +0000  7586 bytes for ./Payload/WDLoan.app/AppIcon40x40@3x.png
2019-02-18 01:59:32 +0000  copying file ./Payload/WDLoan.app/AppIcon40x40@2x.png ... 
2019-02-18 01:59:32 +0000  5497 bytes for ./Payload/WDLoan.app/AppIcon40x40@2x.png
copying file ./Payload/WDLoan.app/AppIcon29x29@3x.png ... 
2019-02-18 01:59:32 +0000  5935 bytes for ./Payload/WDLoan.app/AppIcon29x29@3x.png
2019-02-18 01:59:32 +0000  copying file ./Payload/WDLoan.app/AppIcon60x60@3x.png ... 
2019-02-18 01:59:32 +0000  10733 bytes for ./Payload/WDLoan.app/AppIcon60x60@3x.png
2019-02-18 01:59:32 +0000  copying file ./Payload/WDLoan.app/config.xml ... 
2019-02-18 01:59:32 +0000  5395 bytes for ./Payload/WDLoan.app/config.xml
copying file ./Payload/WDLoan.app/welcome6_2.png ... 
2019-02-18 01:59:32 +0000  47088 bytes for ./Payload/WDLoan.app/welcome6_2.png
2019-02-18 01:59:32 +0000  copying file ./Payload/WDLoan.app/welcome4_0.png ... 
2019-02-18 01:59:32 +0000  40526 bytes for ./Payload/WDLoan.app/welcome4_0.png
copying file ./Payload/WDLoan.app/welcome4_1.png ... 
2019-02-18 01:59:32 +0000  45353 bytes for ./Payload/WDLoan.app/welcome4_1.png
2019-02-18 01:59:32 +0000  copying file ./Payload/WDLoan.app/welcome6_1.png ... 
2019-02-18 01:59:32 +0000  52886 bytes for ./Payload/WDLoan.app/welcome6_1.png
copying file ./Payload/WDLoan.app/Assets.car ... 
2019-02-18 01:59:32 +0000  3972720 bytes for ./Payload/WDLoan.app/Assets.car
copying file ./Payload/WDLoan.app/welcome4_2.png ... 
2019-02-18 01:59:32 +0000  49113 bytes for ./Payload/WDLoan.app/welcome4_2.png
copying file ./Payload/WDLoan.app/welcome6_0.png ... 
2019-02-18 01:59:32 +0000  40682 bytes for ./Payload/WDLoan.app/welcome6_0.png
copying file ./Payload/WDLoan.app/LaunchImage-800-Portrait-736h@3x.png ... 
2019-02-18 01:59:32 +0000  575343 bytes for ./Payload/WDLoan.app/LaunchImage-800-Portrait-736h@3x.png
copying file ./Payload/WDLoan.app/welcome6p_1.png ... 
2019-02-18 01:59:32 +0000  116324 bytes for ./Payload/WDLoan.app/welcome6p_1.png
copying file ./Payload/WDLoan.app/WDLoan ... 
2019-02-18 01:59:33 +0000  16847728 bytes for ./Payload/WDLoan.app/WDLoan
2019-02-18 01:59:33 +0000  copying file ./Payload/WDLoan.app/LaunchImage-700@2x.png ... 
2019-02-18 01:59:33 +0000  162426 bytes for ./Payload/WDLoan.app/LaunchImage-700@2x.png
copying file ./Payload/WDLoan.app/welcome6p_0.png ... 
2019-02-18 01:59:33 +0000  85293 bytes for ./Payload/WDLoan.app/welcome6p_0.png
copying file ./Payload/WDLoan.app/model ... 
2019-02-18 01:59:33 +0000  2151720 bytes for ./Payload/WDLoan.app/model
2019-02-18 01:59:33 +0000  copying file ./Payload/WDLoan.app/LaunchImage-700-568h@2x.png ... 
2019-02-18 01:59:33 +0000  176025 bytes for ./Payload/WDLoan.app/LaunchImage-700-568h@2x.png
2019-02-18 01:59:33 +0000  copying file ./Payload/WDLoan.app/welcome6p_2.png ... 
2019-02-18 01:59:33 +0000  94226 bytes for ./Payload/WDLoan.app/welcome6p_2.png
copying file ./Payload/WDLoan.app/AppScheme.plist ... 
2019-02-18 01:59:33 +0000  5816 bytes for ./Payload/WDLoan.app/AppScheme.plist
2019-02-18 01:59:33 +0000  copying file ./Payload/WDLoan.app/HeziSDK.bundle/icon_fanhui_Detail@2x.png ... 
2019-02-18 01:59:33 +0000  1257 bytes for ./Payload/WDLoan.app/HeziSDK.bundle/icon_fanhui_Detail@2x.png
copying file ./Payload/WDLoan.app/HeziSDK.bundle/bt-13@3x.png ... 
2019-02-18 01:59:33 +0000  3134 bytes for ./Payload/WDLoan.app/HeziSDK.bundle/bt-13@3x.png
copying file ./Payload/WDLoan.app/HeziSDK.bundle/hzsdk_reflush@2x.png ... 
2019-02-18 01:59:33 +0000  1535 bytes for ./Payload/WDLoan.app/HeziSDK.bundle/hzsdk_reflush@2x.png
2019-02-18 01:59:33 +0000  copying file ./Payload/WDLoan.app/HeziSDK.bundle/bt-13@2x.png ... 
2019-02-18 01:59:33 +0000  2106 bytes for ./Payload/WDLoan.app/HeziSDK.bundle/bt-13@2x.png
copying file ./Payload/WDLoan.app/HeziSDK.bundle/share@2x.png ... 
2019-02-18 01:59:33 +0000  1337 bytes for ./Payload/WDLoan.app/HeziSDK.bundle/share@2x.png
2019-02-18 01:59:33 +0000  copying file ./Payload/WDLoan.app/HeziSDK.bundle/close_button@2x.png ... 
2019-02-18 01:59:33 +0000  1860 bytes for ./Payload/WDLoan.app/HeziSDK.bundle/close_button@2x.png
copying file ./Payload/WDLoan.app/HeziSDK.bundle/close_Na@2x.png ... 
1170 bytes for ./Payload/WDLoan.app/HeziSDK.bundle/close_Na@2x.png
copying file ./Payload/WDLoan.app/HeziSDK.bundle/hdhz_small_close.png ... 
18541 bytes for ./Payload/WDLoan.app/HeziSDK.bundle/hdhz_small_close.png
copying file ./Payload/WDLoan.app/welcome5_2.png ... 
39842 bytes for ./Payload/WDLoan.app/welcome5_2.png
copying file ./Payload/WDLoan.app/welcome5_0.png ... 
2019-02-18 01:59:33 +0000  40226 bytes for ./Payload/WDLoan.app/welcome5_0.png
copying file ./Payload/WDLoan.app/embedded.mobileprovision ... 
7916 bytes for ./Payload/WDLoan.app/embedded.mobileprovision
copying file ./Payload/WDLoan.app/welcome5_1.png ... 
2019-02-18 01:59:33 +0000  45169 bytes for ./Payload/WDLoan.app/welcome5_1.png
copying file ./Payload/WDLoan.app/Info.plist ... 
2019-02-18 01:59:33 +0000  5240 bytes for ./Payload/WDLoan.app/Info.plist
copying file ./Payload/WDLoan.app/PkgInfo ... 
2019-02-18 01:59:33 +0000  8 bytes for ./Payload/WDLoan.app/PkgInfo
2019-02-18 01:59:33 +0000  copying file ./Payload/WDLoan.app/MGLiveResource.bundle/head-openMouse.png ... 
2019-02-18 01:59:33 +0000  66247 bytes for ./Payload/WDLoan.app/MGLiveResource.bundle/head-openMouse.png
copying file ./Payload/WDLoan.app/MGLiveResource.bundle/checkerror.mp3 ... 
2019-02-18 01:59:34 +0000  60629 bytes for ./Payload/WDLoan.app/MGLiveResource.bundle/checkerror.mp3
copying file ./Payload/WDLoan.app/MGLiveResource.bundle/head-eye.png ... 
2019-02-18 01:59:34 +0000  52670 bytes for ./Payload/WDLoan.app/MGLiveResource.bundle/head-eye.png
copying file ./Payload/WDLoan.app/MGLiveResource.bundle/next.mp3 ... 
2019-02-18 01:59:34 +0000  30536 bytes for ./Payload/WDLoan.app/MGLiveResource.bundle/next.mp3
2019-02-18 01:59:34 +0000  copying file ./Payload/WDLoan.app/MGLiveResource.bundle/checkok.mp3 ... 
2019-02-18 01:59:34 +0000  43493 bytes for ./Payload/WDLoan.app/MGLiveResource.bundle/checkok.mp3
copying file ./Payload/WDLoan.app/MGLiveResource.bundle/actionerror.mp3 ... 
2019-02-18 01:59:34 +0000  96992 bytes for ./Payload/WDLoan.app/MGLiveResource.bundle/actionerror.mp3
copying file ./Payload/WDLoan.app/MGLiveResource.bundle/checkerror2.mp3 ... 
2019-02-18 01:59:34 +0000  80691 bytes for ./Payload/WDLoan.app/MGLiveResource.bundle/checkerror2.mp3
copying file ./Payload/WDLoan.app/MGLiveResource.bundle/MGFaceDetection.strings ... 
2019-02-18 01:59:34 +0000  671 bytes for ./Payload/WDLoan.app/MGLiveResource.bundle/MGFaceDetection.strings
copying file ./Payload/WDLoan.app/MGLiveResource.bundle/header_bg_img.png ... 
2019-02-18 01:59:34 +0000  18803 bytes for ./Payload/WDLoan.app/MGLiveResource.bundle/header_bg_img.png
2019-02-18 01:59:34 +0000  copying file ./Payload/WDLoan.app/MGLiveResource.bundle/mouse.mp3 ... 
2019-02-18 01:59:34 +0000  24685 bytes for ./Payload/WDLoan.app/MGLiveResource.bundle/mouse.mp3
2019-02-18 01:59:34 +0000  copying file ./Payload/WDLoan.app/MGLiveResource.bundle/eye.mp3 ... 
2019-02-18 01:59:34 +0000  25938 bytes for ./Payload/WDLoan.app/MGLiveResource.bundle/eye.mp3
copying file ./Payload/WDLoan.app/MGLiveResource.bundle/head-left.png ... 
2019-02-18 01:59:34 +0000  85837 bytes for ./Payload/WDLoan.app/MGLiveResource.bundle/head-left.png
2019-02-18 01:59:34 +0000  copying file ./Payload/WDLoan.app/MGLiveResource.bundle/header_4.mp3 ... 
2019-02-18 01:59:34 +0000  33462 bytes for ./Payload/WDLoan.app/MGLiveResource.bundle/header_4.mp3
copying file ./Payload/WDLoan.app/MGLiveResource.bundle/head-up.png ... 
2019-02-18 01:59:34 +0000  68679 bytes for ./Payload/WDLoan.app/MGLiveResource.bundle/head-up.png
2019-02-18 01:59:34 +0000  copying file ./Payload/WDLoan.app/MGLiveResource.bundle/header_first.png ... 
2019-02-18 01:59:34 +0000  24814 bytes for ./Payload/WDLoan.app/MGLiveResource.bundle/header_first.png
copying file ./Payload/WDLoan.app/MGLiveResource.bundle/header_3.mp3 ... 
2019-02-18 01:59:34 +0000  33462 bytes for ./Payload/WDLoan.app/MGLiveResource.bundle/header_3.mp3
2019-02-18 01:59:34 +0000  copying file ./Payload/WDLoan.app/MGLiveResource.bundle/head-down.png ... 
2019-02-18 01:59:34 +0000  54104 bytes for ./Payload/WDLoan.app/MGLiveResource.bundle/head-down.png
copying file ./Payload/WDLoan.app/MGLiveResource.bundle/head-blink.png ... 
2019-02-18 01:59:34 +0000  52807 bytes for ./Payload/WDLoan.app/MGLiveResource.bundle/head-blink.png
copying file ./Payload/WDLoan.app/MGLiveResource.bundle/header_2.mp3 ... 
2019-02-18 01:59:34 +0000  25103 bytes for ./Payload/WDLoan.app/MGLiveResource.bundle/header_2.mp3
copying file ./Payload/WDLoan.app/MGLiveResource.bundle/header_1.mp3 ... 
2019-02-18 01:59:34 +0000  25103 bytes for ./Payload/WDLoan.app/MGLiveResource.bundle/header_1.mp3
copying file ./Payload/WDLoan.app/MGLiveResource.bundle/head-right.png ... 
2019-02-18 01:59:34 +0000  85778 bytes for ./Payload/WDLoan.app/MGLiveResource.bundle/head-right.png
copying file ./Payload/WDLoan.app/MGLiveResource.bundle/Info.plist ... 
2019-02-18 01:59:34 +0000  843 bytes for ./Payload/WDLoan.app/MGLiveResource.bundle/Info.plist
copying file ./Payload/WDLoan.app/MGLiveResource.bundle/facemodel.model ... 
2019-02-18 01:59:34 +0000  393000 bytes for ./Payload/WDLoan.app/MGLiveResource.bundle/facemodel.model
copying file ./Payload/WDLoan.app/MGLiveResource.bundle/timeout.mp3 ... 
2019-02-18 01:59:34 +0000  101171 bytes for ./Payload/WDLoan.app/MGLiveResource.bundle/timeout.mp3
2019-02-18 01:59:34 +0000  copying file ./Symbols/DC49F46C-A9FE-3F09-AEB7-7DF0C0209E8F.symbols ... 
2019-02-18 01:59:34 +0000  360 bytes for ./Symbols/DC49F46C-A9FE-3F09-AEB7-7DF0C0209E8F.symbols
copying file ./Symbols/8E21FC28-95FF-39B5-A07B-2164804893EC.symbols ... 
2019-02-18 01:59:34 +0000  360 bytes for ./Symbols/8E21FC28-95FF-39B5-A07B-2164804893EC.symbols
2019-02-18 01:59:34 +0000  /usr/bin/ditto exited with 0
2019-02-18 01:59:34 +0000  Processing step: IDEDistributionAppStoreInformationStep
2019-02-18 01:59:34 +0000  Skipping step: IDEDistributionAppStoreInformationStep because it said so
2019-02-18 01:59:34 +0000  Processing step: IDEDistributionCreateManifestStep
2019-02-18 01:59:34 +0000  Skipping step: IDEDistributionCreateManifestStep because it said so
